<?xml version="1.0" encoding="UTF-8"?>
<testng-results ignored="0" total="2" passed="2" failed="0" skipped="0">
  <reporter-output>
  </reporter-output>
  <suite started-at="2021-11-02T23:54:38 IST" name="Default suite" finished-at="2021-11-02T23:55:11 IST" duration-ms="33753">
    <groups>
    </groups>
    <test started-at="2021-11-02T23:54:38 IST" name="Default test" finished-at="2021-11-02T23:55:11 IST" duration-ms="33753">
      <class name="com.demoTestCases.TestCase1">
        <test-method is-config="true" signature="configBS()[pri:0, instance:com.demoTestCases.TestCase1@3f6f6701]" started-at="2021-11-02T23:54:38 IST" name="configBS" finished-at="2021-11-02T23:54:38 IST" duration-ms="11" status="PASS">
          <reporter-output>
          </reporter-output>
        </test-method> <!-- configBS -->
        <test-method is-config="true" signature="configBT()[pri:0, instance:com.demoTestCases.TestCase1@3f6f6701]" started-at="2021-11-02T23:54:38 IST" name="configBT" finished-at="2021-11-02T23:54:38 IST" duration-ms="1" status="PASS">
          <reporter-output>
          </reporter-output>
        </test-method> <!-- configBT -->
        <test-method is-config="true" signature="configBC()[pri:0, instance:com.demoTestCases.TestCase1@3f6f6701]" started-at="2021-11-02T23:54:38 IST" name="configBC" finished-at="2021-11-02T23:54:53 IST" duration-ms="15361" status="PASS">
          <reporter-output>
          </reporter-output>
        </test-method> <!-- configBC -->
        <test-method is-config="true" signature="configBM()[pri:0, instance:com.demoTestCases.TestCase1@3f6f6701]" started-at="2021-11-02T23:54:53 IST" name="configBM" finished-at="2021-11-02T23:54:54 IST" duration-ms="1032" status="PASS">
          <reporter-output>
          </reporter-output>
        </test-method> <!-- configBM -->
        <test-method signature="sample()[pri:0, instance:com.demoTestCases.TestCase1@3f6f6701]" started-at="2021-11-02T23:54:54 IST" name="sample" finished-at="2021-11-02T23:54:54 IST" duration-ms="9" status="PASS">
          <reporter-output>
          </reporter-output>
        </test-method> <!-- sample -->
        <test-method is-config="true" signature="configAM()[pri:0, instance:com.demoTestCases.TestCase1@3f6f6701]" started-at="2021-11-02T23:54:54 IST" name="configAM" finished-at="2021-11-02T23:55:04 IST" duration-ms="9529" status="PASS">
          <reporter-output>
          </reporter-output>
        </test-method> <!-- configAM -->
        <test-method is-config="true" signature="configBM()[pri:0, instance:com.demoTestCases.TestCase1@3f6f6701]" started-at="2021-11-02T23:55:04 IST" name="configBM" finished-at="2021-11-02T23:55:04 IST" duration-ms="548" status="PASS">
          <reporter-output>
          </reporter-output>
        </test-method> <!-- configBM -->
        <test-method signature="sample1()[pri:0, instance:com.demoTestCases.TestCase1@3f6f6701]" started-at="2021-11-02T23:55:04 IST" name="sample1" finished-at="2021-11-02T23:55:04 IST" duration-ms="2" status="PASS">
          <reporter-output>
          </reporter-output>
        </test-method> <!-- sample1 -->
        <test-method is-config="true" signature="configAM()[pri:0, instance:com.demoTestCases.TestCase1@3f6f6701]" started-at="2021-11-02T23:55:04 IST" name="configAM" finished-at="2021-11-02T23:55:11 IST" duration-ms="6817" status="PASS">
          <reporter-output>
          </reporter-output>
        </test-method> <!-- configAM -->
        <test-method is-config="true" signature="configAC()[pri:0, instance:com.demoTestCases.TestCase1@3f6f6701]" started-at="2021-11-02T23:55:11 IST" name="configAC" finished-at="2021-11-02T23:55:11 IST" duration-ms="377" status="PASS">
          <reporter-output>
          </reporter-output>
        </test-method> <!-- configAC -->
        <test-method is-config="true" signature="configAT()[pri:0, instance:com.demoTestCases.TestCase1@3f6f6701]" started-at="2021-11-02T23:55:11 IST" name="configAT" finished-at="2021-11-02T23:55:11 IST" duration-ms="0" status="PASS">
          <reporter-output>
          </reporter-output>
        </test-method> <!-- configAT -->
        <test-method is-config="true" signature="configAS()[pri:0, instance:com.demoTestCases.TestCase1@3f6f6701]" started-at="2021-11-02T23:55:12 IST" name="configAS" finished-at="2021-11-02T23:55:12 IST" duration-ms="0" status="PASS">
          <reporter-output>
          </reporter-output>
        </test-method> <!-- configAS -->
      </class> <!-- com.demoTestCases.TestCase1 -->
    </test> <!-- Default test -->
  </suite> <!-- Default suite -->
</testng-results>
